#
# There is insufficient memory for the Java Runtime Environment to continue.
# Native memory allocation (mmap) failed to map 197132288 bytes for G1 virtual space
# Possible reasons:
#   The system is out of physical RAM or swap space
#   The process is running with CompressedOops enabled, and the Java Heap may be blocking the growth of the native heap
# Possible solutions:
#   Reduce memory load on the system
#   Increase physical memory or swap space
#   Check if swap backing store is full
#   Decrease Java heap size (-Xmx/-Xms)
#   Decrease number of Java threads
#   Decrease Java thread stack sizes (-Xss)
#   Set larger code cache with -XX:ReservedCodeCacheSize=
#   JVM is running with Zero Based Compressed Oops mode in which the Java heap is
#     placed in the first 32GB address space. The Java Heap base address is the
#     maximum limit for the native heap growth. Please use -XX:HeapBaseMinAddress
#     to set the Java Heap base and to place the Java Heap above 32GB virtual address.
# This output file may be truncated or incomplete.
#
#  Out of Memory Error (os_windows.cpp:3769), pid=2532, tid=9136
#
# JRE version:  (17.0.6) (build )
# Java VM: OpenJDK 64-Bit Server VM (17.0.6+0-b2043.56-10027231, mixed mode, sharing, tiered, compressed oops, compressed class ptrs, g1 gc, windows-amd64)
# No core dump will be written. Minidumps are not enabled by default on client versions of Windows
#

---------------  S U M M A R Y ------------

Command Line: git4idea.http.GitAskPassApp Username for 'https://github.com': 

Host: 11th Gen Intel(R) Core(TM) i3-1115G4 @ 3.00GHz, 4 cores, 11G,  Windows 11 , 64 bit Build 22621 (10.0.22621.2506)
Time: Tue Dec 12 15:56:46 2023 Hora Padrão da Bahia elapsed time: 0.008724 seconds (0d 0h 0m 0s)

---------------  T H R E A D  ---------------

Current thread (0x0000026abfbd8c10):  JavaThread "Unknown thread" [_thread_in_vm, id=9136, stack(0x0000007483200000,0x0000007483300000)]

Stack: [0x0000007483200000,0x0000007483300000]
Native frames: (J=compiled Java code, j=interpreted, Vv=VM code, C=native code)
V  [jvm.dll+0x683c9a]
V  [jvm.dll+0x8427a4]
V  [jvm.dll+0x843f9e]
V  [jvm.dll+0x844603]
V  [jvm.dll+0x249b75]
V  [jvm.dll+0x680b69]
V  [jvm.dll+0x67505a]
V  [jvm.dll+0x309acb]
V  [jvm.dll+0x310f86]
V  [jvm.dll+0x3608ee]
V  [jvm.dll+0x360b1f]
V  [jvm.dll+0x2dfbf8]
V  [jvm.dll+0x2e0b64]
V  [jvm.dll+0x814091]
V  [jvm.dll+0x36e6a1]
V  [jvm.dll+0x7f35cc]
V  [jvm.dll+0x3f0e8f]
V  [jvm.dll+0x3f29d1]
C  [jli.dll+0x526b]
C  [ucrtbase.dll+0x29363]
C  [KERNEL32.DLL+0x1257d]
C  [ntdll.dll+0x5aa58]


---------------  P R O C E S S  ---------------

Threads class SMR info:
_java_thread_list=0x00007fff6620c058, length=0, elements={
}

Java Threads: ( => current thread )

Other Threads:
  0x0000026abfc2ed30 GCTaskThread "GC Thread#0" [stack: 0x0000007483300000,0x0000007483400000] [id=15980]
  0x0000026abfc3b830 ConcurrentGCThread "G1 Main Marker" [stack: 0x0000007483400000,0x0000007483500000] [id=10844]
  0x0000026abfc3d9f0 ConcurrentGCThread "G1 Conc#0" [stack: 0x0000007483500000,0x0000007483600000] [id=9344]

[error occurred during error reporting (printing all threads), id 0xc0000005, EXCEPTION_ACCESS_VIOLATION (0xc0000005) at pc=0x00007fff659c0797]

VM state: not at safepoint (not fully initialized)

VM Mutex/Monitor currently owned by a thread:  ([mutex/lock_event])
[0x0000026abfbd46b0] Heap_lock - owner thread: 0x0000026abfbd8c10

Heap address: 0x0000000744400000, size: 3004 MB, Compressed Oops mode: Zero based, Oop shift amount: 3

CDS archive(s) mapped at: [0x0000000000000000-0x0000000000000000-0x0000000000000000), size 0, SharedBaseAddress: 0x0000000800000000, ArchiveRelocationMode: 0.
Narrow klass base: 0x0000000000000000, Narrow klass shift: 0, Narrow klass range: 0x0

GC Precious Log:
<Empty>

Heap:
 garbage-first heap   total 0K, used 0K [0x0000000744400000, 0x0000000800000000)
  region size 2048K, 0 young (0K), 0 survivors (0K)

[error occurred during error reporting (printing heap information), id 0xc0000005, EXCEPTION_ACCESS_VIOLATION (0xc0000005) at pc=0x00007fff65dada89]

GC Heap History (0 events):
No events

Dll operation events (1 events):
Event: 0.004 Loaded shared library C:\Program Files\Android\Android Studio\jbr\bin\java.dll

Deoptimization events (0 events):
No events

Classes unloaded (0 events):
No events

Classes redefined (0 events):
No events

Internal exceptions (0 events):
No events

VM Operations (0 events):
No events

Events (0 events):
No events


Dynamic libraries:
0x00007ff6a9000000 - 0x00007ff6a900a000 	C:\Program Files\Android\Android Studio\jbr\bin\java.exe
0x00007fffac8f0000 - 0x00007fffacb07000 	C:\WINDOWS\SYSTEM32\ntdll.dll
0x00007fffab1b0000 - 0x00007fffab274000 	C:\WINDOWS\System32\KERNEL32.DLL
0x00007fffa9e40000 - 0x00007fffaa1e5000 	C:\WINDOWS\System32\KERNELBASE.dll
0x00007fffa9c30000 - 0x00007fffa9d41000 	C:\WINDOWS\System32\ucrtbase.dll
0x00007fff7c0a0000 - 0x00007fff7c0bb000 	C:\Program Files\Android\Android Studio\jbr\bin\VCRUNTIME140.dll
0x00007fff72510000 - 0x00007fff72527000 	C:\Program Files\Android\Android Studio\jbr\bin\jli.dll
0x00007fffaa610000 - 0x00007fffaa7be000 	C:\WINDOWS\System32\USER32.dll
0x00007fffaa5e0000 - 0x00007fffaa606000 	C:\WINDOWS\System32\win32u.dll
0x00007fff8f240000 - 0x00007fff8f4d3000 	C:\WINDOWS\WinSxS\amd64_microsoft.windows.common-controls_6595b64144ccf1df_6.0.22621.2506_none_270c5ae97388e100\COMCTL32.dll
0x00007fffab280000 - 0x00007fffab327000 	C:\WINDOWS\System32\msvcrt.dll
0x00007fffaa7c0000 - 0x00007fffaa7e9000 	C:\WINDOWS\System32\GDI32.dll
0x00007fffaa1f0000 - 0x00007fffaa309000 	C:\WINDOWS\System32\gdi32full.dll
0x00007fffaa3d0000 - 0x00007fffaa46a000 	C:\WINDOWS\System32\msvcp_win.dll
0x00007fffab750000 - 0x00007fffab781000 	C:\WINDOWS\System32\IMM32.DLL
0x00007fff994b0000 - 0x00007fff994bc000 	C:\Program Files\Android\Android Studio\jbr\bin\vcruntime140_1.dll
0x00007fff67df0000 - 0x00007fff67e7d000 	C:\Program Files\Android\Android Studio\jbr\bin\msvcp140.dll
0x00007fff656d0000 - 0x00007fff6633e000 	C:\Program Files\Android\Android Studio\jbr\bin\server\jvm.dll
0x00007fffab060000 - 0x00007fffab111000 	C:\WINDOWS\System32\ADVAPI32.dll
0x00007fffab6a0000 - 0x00007fffab746000 	C:\WINDOWS\System32\sechost.dll
0x00007fffabd10000 - 0x00007fffabe27000 	C:\WINDOWS\System32\RPCRT4.dll
0x00007fff99130000 - 0x00007fff99139000 	C:\WINDOWS\SYSTEM32\WSOCK32.dll
0x00007fff987c0000 - 0x00007fff987ca000 	C:\WINDOWS\SYSTEM32\VERSION.dll
0x00007fff993b0000 - 0x00007fff993e4000 	C:\WINDOWS\SYSTEM32\WINMM.dll
0x00007fffaba50000 - 0x00007fffabac1000 	C:\WINDOWS\System32\WS2_32.dll
0x00007fffa8d20000 - 0x00007fffa8d38000 	C:\WINDOWS\SYSTEM32\kernel.appcore.dll
0x00007fff99120000 - 0x00007fff9912a000 	C:\Program Files\Android\Android Studio\jbr\bin\jimage.dll
0x00007fffa7520000 - 0x00007fffa7753000 	C:\WINDOWS\SYSTEM32\DBGHELP.DLL
0x00007fffaa7f0000 - 0x00007fffaab79000 	C:\WINDOWS\System32\combase.dll
0x00007fffabba0000 - 0x00007fffabc77000 	C:\WINDOWS\System32\OLEAUT32.dll
0x00007fff89ba0000 - 0x00007fff89bd2000 	C:\WINDOWS\SYSTEM32\dbgcore.DLL
0x00007fffa9d50000 - 0x00007fffa9dca000 	C:\WINDOWS\System32\bcryptPrimitives.dll
0x00007fff98f60000 - 0x00007fff98f85000 	C:\Program Files\Android\Android Studio\jbr\bin\java.dll

dbghelp: loaded successfully - version: 4.0.5 - missing functions: none
symbol engine: initialized successfully - sym options: 0x614 - pdb path: .;C:\Program Files\Android\Android Studio\jbr\bin;C:\WINDOWS\SYSTEM32;C:\WINDOWS\WinSxS\amd64_microsoft.windows.common-controls_6595b64144ccf1df_6.0.22621.2506_none_270c5ae97388e100;C:\Program Files\Android\Android Studio\jbr\bin\server

VM Arguments:
java_command: git4idea.http.GitAskPassApp Username for 'https://github.com': 
java_class_path (initial): C:/Program Files/Android/Android Studio/plugins/vcs-git/lib/git4idea-rt.jar;C:/Program Files/Android/Android Studio/lib/externalProcess-rt.jar;C:/Program Files/Android/Android Studio/lib/app.jar;C:/Program Files/Android/Android Studio/lib/3rd-party-rt.jar
Launcher Type: SUN_STANDARD

[Global flags]
     intx CICompilerCount                          = 3                                         {product} {ergonomic}
     uint ConcGCThreads                            = 1                                         {product} {ergonomic}
     uint G1ConcRefinementThreads                  = 4                                         {product} {ergonomic}
   size_t G1HeapRegionSize                         = 2097152                                   {product} {ergonomic}
    uintx GCDrainStackTargetSize                   = 64                                        {product} {ergonomic}
   size_t InitialHeapSize                          = 197132288                                 {product} {ergonomic}
   size_t MarkStackSize                            = 4194304                                   {product} {ergonomic}
   size_t MaxHeapSize                              = 3149922304                                {product} {ergonomic}
   size_t MinHeapDeltaBytes                        = 2097152                                   {product} {ergonomic}
   size_t MinHeapSize                              = 8388608                                   {product} {ergonomic}
    uintx NonNMethodCodeHeapSize                   = 5832780                                {pd product} {ergonomic}
    uintx NonProfiledCodeHeapSize                  = 122912730                              {pd product} {ergonomic}
    uintx ProfiledCodeHeapSize                     = 122912730                              {pd product} {ergonomic}
    uintx ReservedCodeCacheSize                    = 251658240                              {pd product} {ergonomic}
     bool SegmentedCodeCache                       = true                                      {product} {ergonomic}
   size_t SoftMaxHeapSize                          = 3149922304                             {manageable} {ergonomic}
     bool UseCompressedClassPointers               = true                           {product lp64_product} {ergonomic}
     bool UseCompressedOops                        = true                           {product lp64_product} {ergonomic}
     bool UseG1GC                                  = true                                      {product} {ergonomic}
     bool UseLargePagesIndividualAllocation        = false                                  {pd product} {ergonomic}

Logging:
Log output configuration:
 #0: stdout all=warning uptime,level,tags
 #1: stderr all=off uptime,level,tags

Environment Variables:
PATH=C:/Program Files/Git/mingw64/libexec/git-core;C:/Program Files/Git/mingw64/libexec/git-core;C:\Program Files\Git\mingw64\bin;C:\Program Files\Git\usr\bin;C:\Users\Italo\bin;C:\Program Files\Common Files\Oracle\Java\javapath;C:\Program Files (x86)\Common Files\Oracle\Java\javapath;C:\WINDOWS\system32;C:\WINDOWS;C:\WINDOWS\System32\Wbem;C:\WINDOWS\System32\WindowsPowerShell\v1.0\;C:\WINDOWS\System32\OpenSSH\;C:\MinGW\bin;C:\Program Files\nodejs\;C:\Program Files\dotnet\;C:\Program Files\Git\cmd;C:\xampp\php;C:\ProgramData\ComposerSetup\bin;C:\Users\Italo\AppData\Local\Microsoft\WindowsApps;C:\Users\Italo\AppData\Local\Programs\Microsoft VS Code\bin;C:\Users\Italo\AppData\Roaming\npm;C:\Program Files\JetBrains\PyCharm 2023.1\bin;C:\Users\Italo\AppData\Roaming\Composer\vendor\bin
USERNAME=Italo
DISPLAY=:0.0
LC_ALL=en_US.UTF-8
TERM=xterm-256color
TMPDIR=C:\Users\Italo\AppData\Local\Temp
OS=Windows_NT
PROCESSOR_IDENTIFIER=Intel64 Family 6 Model 140 Stepping 1, GenuineIntel
TMP=C:\Users\Italo\AppData\Local\Temp
TEMP=C:\Users\Italo\AppData\Local\Temp


JNI global refs:

[error occurred during error reporting (JNI global references), id 0xc0000005, EXCEPTION_ACCESS_VIOLATION (0xc0000005) at pc=0x00007fff65787a10]


---------------  S Y S T E M  ---------------

OS:
 Windows 11 , 64 bit Build 22621 (10.0.22621.2506)
OS uptime: 0 days 1:19 hours

CPU: total 4 (initial active 4) (2 cores per cpu, 2 threads per core) family 6 model 140 stepping 1 microcode 0x8a, cx8, cmov, fxsr, ht, mmx, 3dnowpref, sse, sse2, sse3, ssse3, sse4.1, sse4.2, popcnt, lzcnt, tsc, tscinvbit, avx, avx2, aes, erms, clmul, bmi1, bmi2, adx, avx512f, avx512dq, avx512cd, avx512bw, avx512vl, sha, fma, vzeroupper, avx512_vpopcntdq, avx512_vpclmulqdq, avx512_vaes, avx512_vnni, clflush, clflushopt, clwb, avx512_vbmi2, avx512_vbmi

Memory: 4k page, system-wide physical 12011M (1691M free)
TotalPageFile size 12011M (AvailPageFile size 32M)
current process WorkingSet (physical memory assigned to process): 11M, peak: 11M
current process commit charge ("private bytes"): 51M, peak: 239M

vm_info: OpenJDK 64-Bit Server VM (17.0.6+0-b2043.56-10027231) for windows-amd64 JRE (17.0.6+0-b2043.56-10027231), built on Apr 28 2023 00:43:19 by "androidbuild" with MS VC++ 16.10 / 16.11 (VS2019)

END.
